19:21:07.912 detox[8569] B node_modules/.bin/detox test --configuration ios.sim.debug
  data: {
    "id": "49892b18-be3a-9d49-ff27-8d60c200d7b9",
    "detoxConfig": {
      "configurationName": "ios.sim.debug",
      "apps": {
        "default": {
          "type": "ios.app",
          "binaryPath": "ios/build/Build/Products/Debug-iphonesimulator/cardshowfinder.app",
          "build": "xcodebuild -workspace ios/cardshowfinder.xcworkspace -scheme cardshowfinder -configuration Debug -sdk iphonesimulator -derivedDataPath ios/build"
        }
      },
      "artifacts": {
        "rootDir": "e2e/artifacts/ios.sim.debug.2025-07-18 23-21-07Z",
        "plugins": {
          "log": {
            "enabled": true,
            "keepOnlyFailedTestsArtifacts": false
          },
          "screenshot": {
            "enabled": true,
            "shouldTakeAutomaticSnapshots": true,
            "keepOnlyFailedTestsArtifacts": false,
            "takeWhen": {
              "testStart": false,
              "testDone": true,
              "testFail": true
            }
          },
          "video": {
            "enabled": false,
            "keepOnlyFailedTestsArtifacts": false
          },
          "instruments": {
            "enabled": true,
            "keepOnlyFailedTestsArtifacts": false
          },
          "uiHierarchy": {
            "enabled": false,
            "keepOnlyFailedTestsArtifacts": false
          },
          "timeline": {
            "enabled": true
          }
        },
        "pathBuilder": "./e2e/artifacts/pathbuilder.js"
      },
      "behavior": {
        "init": {
          "keepLockFile": false,
          "reinstallApp": true,
          "exposeGlobals": true,
          "launchApp": true
        },
        "cleanup": {
          "shutdownDevice": false
        },
        "launchApp": "auto"
      },
      "cli": {
        "configuration": "ios.sim.debug",
        "start": true
      },
      "commands": [
        {
          "appName": "default",
          "build": "xcodebuild -workspace ios/cardshowfinder.xcworkspace -scheme cardshowfinder -configuration Debug -sdk iphonesimulator -derivedDataPath ios/build"
        }
      ],
      "device": {
        "type": "ios.simulator",
        "device": {
          "type": "iPhone 16 Plus",
          "os": "iOS 18.5"
        }
      },
      "logger": {
        "level": "info",
        "overrideConsole": true,
        "detectAnomalies": true,
        "options": {
          "showLoggerName": true,
          "showPid": true,
          "showLevel": false,
          "showMetadata": false,
          "basepath": "/Users/kevin/card-show-finder/node_modules/detox/src",
          "prefixers": {},
          "stringifiers": {},
          "inspectionDepth": 5,
          "showLoggerTimestamp": true,
          "showLoggerLevel": true
        }
      },
      "testRunner": {
        "retries": 0,
        "forwardEnv": false,
        "detached": false,
        "bail": false,
        "noRetryArgs": [
          "shard"
        ],
        "jest": {
          "setupTimeout": 120000,
          "teardownTimeout": 30000,
          "retryAfterCircusRetries": false,
          "reportSpecs": true,
          "reportWorkerAssign": true,
          "testEnvironment": "node",
          "testRunner": "jest-circus/runner"
        },
        "args": {
          "$0": "jest",
          "_": [],
          "config": "e2e/jest.config.js",
          "--": []
        }
      },
      "session": {
        "autoStart": true,
        "debugSynchronization": 10000,
        "server": "ws://localhost:8099",
        "sessionId": "test"
      }
    },
    "detoxIPCServer": "primary-8569",
    "testResults": [],
    "testSessionIndex": 0,
    "workersCount": 0
  }
19:21:07.915 detox[8569] i Server path not specified, so defaulting to ipc.config.socketRoot + ipc.config.appspace + ipc.config.id /tmp/detox.primary-8569
19:21:07.916 detox[8569] i starting server on  /tmp/detox.primary-8569 
19:21:07.916 detox[8569] i starting TLS server false
19:21:07.916 detox[8569] i starting server as Unix || Windows Socket
19:21:07.917 detox[8569] i Detox server listening on localhost:8099...
19:21:07.919 detox[8569] i Serialized the session state at: /var/folders/2v/gmmgyhbs6w30hm_0wql0670h0000gn/T/49892b18-be3a-9d49-ff27-8d60c200d7b9.detox.json
19:21:07.920 detox[8569] B jest --config e2e/jest.config.js
19:21:07.921 detox[8569] i (node:8569) [DEP0190] DeprecationWarning: Passing args to a child process with shell option true can lead to security vulnerabilities, as the arguments are not escaped, only concatenated.
(Use `node --trace-deprecation ...` to show where the warning was created)
19:21:08.401 detox[8570] i Starting Detox E2E test setup
19:21:08.696 detox[8570] i Failed to connect to Supabase: relation "user_roles" does not exist
19:21:08.697 detox[8570] i Using real API calls with test keys for external services
19:21:08.697 detox[8570] i Setting up performance monitoring
19:21:08.697 detox[8570] i Performance monitoring enabled. Log file: /Users/kevin/card-show-finder/e2e/artifacts/performance.log
19:21:08.697 detox[8570] i Validating test environment
19:21:08.697 detox[8570] i All required environment variables are present
19:21:08.698 detox[8570] i Detox version: 20.40.2
19:21:08.752 detox[8570] i Xcode version: Xcode 16.4
19:21:08.867 detox[8570] i Target simulator (iPhone 16 Plus) is available
19:21:08.867 detox[8570] i Environment validation completed
19:21:08.867 detox[8570] i Detox E2E test setup completed successfully
19:21:08.873 detox[8570] i 
🧪 Starting Card Show Finder E2E Tests
19:21:08.873 detox[8570] i 📱 Test artifacts will be saved to: /Users/kevin/card-show-finder/e2e/artifacts
19:21:08.877 detox[8570] i 
▶️  Running: undefined (authentication.test.js)
19:21:08.917 detox[8570] B e2e/tests/authentication.test.js
19:21:08.928 detox[8570] B set up environment
19:21:08.942 detox[8570] i Service path not specified, so defaulting to ipc.config.socketRoot + ipc.config.appspace + id 
19:21:08.942 detox[8570] i requested connection to  primary-8569 /tmp/detox.primary-8569
19:21:08.942 detox[8570] i Connecting client on Unix Socket : /tmp/detox.primary-8569
19:21:08.943 detox[8569] i ## socket connection to server detected ##
19:21:08.944 detox[8570] i retrying reset
19:21:08.944 detox[8570] i dispatching event to  primary-8569 /tmp/detox.primary-8569  :  registerContext , { id: 'secondary-8570' }
19:21:08.945 detox[8569] i received event of :  registerContext { id: 'secondary-8570' }
19:21:08.945 detox[8569] i dispatching event to socket  :  registerContextDone {
  testResults: [],
  testSessionIndex: 0,
  unsafe_earlyTeardown: undefined
}
19:21:08.945 detox[8570] i ## received events ##
19:21:08.946 detox[8570] i detected event registerContextDone { testResults: [], testSessionIndex: 0 }
19:21:08.946 detox[8570] i dispatching event to  primary-8569 /tmp/detox.primary-8569  :  registerWorker , { workerId: 'w1' }
19:21:08.947 detox[8569] i received event of :  registerWorker { workerId: 'w1' }
19:21:08.947 detox[8569] i dispatching event to socket  :  registerWorkerDone { workersCount: 1 }
19:21:08.947 detox[8569] i broadcasting event to all known sockets listening to  /tmp/detox.primary-8569  :   sessionStateUpdate { workersCount: 1 }
19:21:08.947 detox[8570] i ## received events ##
19:21:08.948 detox[8570] i detected event registerWorkerDone { workersCount: 1 }
19:21:09.062 detox[8570] i ## received events ##
19:21:09.062 detox[8570] i detected event sessionStateUpdate { workersCount: 1 }
19:21:09.064 detox[8569] B connection :8099<->:64093
19:21:09.064 detox[8570] i opened web socket to: ws://localhost:8099
19:21:09.065 detox[8570] i send message
  data: {"type":"login","params":{"sessionId":"test","role":"tester"},"messageId":0}
19:21:09.066 detox[8569] i get
  data: {"type":"login","params":{"sessionId":"test","role":"tester"},"messageId":0}
19:21:09.066 detox[8569] i created session test
19:21:09.066 detox[8569] i send
  data: {
    "type": "loginSuccess",
    "params": {
      "testerConnected": true,
      "appConnected": false
    },
    "messageId": 0
  }
19:21:09.066 detox[8569] i tester joined session test
19:21:09.066 detox[8570] i get message
  data: {"type":"loginSuccess","params":{"testerConnected":true,"appConnected":false},"messageId":0}
   
19:21:09.114 detox[8570] i dispatching event to  primary-8569 /tmp/detox.primary-8569  :  allocateDevice , {
  deviceConfig: {
    type: 'ios.simulator',
    device: { type: 'iPhone 16 Plus', os: 'iOS 18.5' }
  }
}
19:21:09.115 detox[8569] i received event of :  allocateDevice {
  deviceConfig: {
    type: 'ios.simulator',
    device: { type: 'iPhone 16 Plus', os: 'iOS 18.5' }
  }
}
19:21:09.117 detox[8569] B init
  args: ()
19:21:09.118 detox[8569] E init
19:21:09.118 detox[8569] B allocate
  data: {
    "type": "ios.simulator",
    "device": {
      "type": "iPhone 16 Plus",
      "os": "iOS 18.5"
    }
  }
19:21:09.125 detox[8569] E allocate
  error: Command failed: applesimutils --version
  /bin/sh: applesimutils: command not found
  
19:21:09.125 detox[8569] i dispatching event to socket  :  allocateDeviceDone {
  error: {
    code: 127,
    killed: false,
    signal: null,
    cmd: 'applesimutils --version',
    stdout: '',
    stderr: '/bin/sh: applesimutils: command not found\n',
    name: 'Error',
    message: 'Command failed: applesimutils --version\n' +
      '/bin/sh: applesimutils: command not found\n',
    stack: 'Error: Command failed: applesimutils --version\n' +
      '/bin/sh: applesimutils: command not found\n' +
      '\n' +
      '    at genericNodeError (node:internal/errors:983:15)\n' +
      '    at wrappedFn (node:internal/errors:537:14)\n' +
      '    at ChildProcess.exithandler (node:child_process:415:12)\n' +
      '    at ChildProcess.emit (node:events:507:28)\n' +
      '    at maybeClose (node:internal/child_process:1101:16)\n' +
      '    at Socket.<anonymous> (node:internal/child_process:457:11)\n' +
      '    at Socket.emit (node:events:507:28)\n' +
      '    at Pipe.<anonymous> (node:net:346:12)'
  }
}
19:21:09.126 detox[8570] i ## received events ##
19:21:09.126 detox[8570] i detected event allocateDeviceDone {
  error: {
    code: 127,
    killed: false,
    signal: null,
    cmd: 'applesimutils --version',
    stdout: '',
    stderr: '/bin/sh: applesimutils: command not found\n',
    name: 'Error',
    message: 'Command failed: applesimutils --version\n' +
      '/bin/sh: applesimutils: command not found\n',
    stack: 'Error: Command failed: applesimutils --version\n' +
      '/bin/sh: applesimutils: command not found\n' +
      '\n' +
      '    at genericNodeError (node:internal/errors:983:15)\n' +
      '    at wrappedFn (node:internal/errors:537:14)\n' +
      '    at ChildProcess.exithandler (node:child_process:415:12)\n' +
      '    at ChildProcess.emit (node:events:507:28)\n' +
      '    at maybeClose (node:internal/child_process:1101:16)\n' +
      '    at Socket.<anonymous> (node:internal/child_process:457:11)\n' +
      '    at Socket.emit (node:events:507:28)\n' +
      '    at Pipe.<anonymous> (node:net:346:12)'
  }
}
19:21:09.127 detox[8570] E set up environment
  error: Command failed: applesimutils --version
  /bin/sh: applesimutils: command not found
  
19:21:09.127 detox[8570] B tear down environment
19:21:09.127 detox[8570] B onBeforeCleanup
  args: ()
19:21:09.128 detox[8570] i Suppressed error inside function call.
  error: TypeError: this._pathBuilder.buildPathForTestArtifact is not a function
      at Object.preparePathForArtifact (/Users/kevin/card-show-finder/node_modules/detox/src/artifacts/ArtifactsManager.js:73:48)
      at /Users/kevin/card-show-finder/node_modules/detox/src/artifacts/log/LogArtifactPlugin.js:21:20
      at processTicksAndRejections (node:internal/process/task_queues:105:5)
19:21:09.130 detox[8570] E onBeforeCleanup
19:21:09.131 detox[8569] i tester exited session test
19:21:09.131 detox[8569] E connection :8099<->:64093
19:21:09.131 detox[8569] i socket disconnected secondary-8570
19:21:09.132 detox[8570] i connection closed primary-8569 /tmp/detox.primary-8569 0 tries remaining of 0
19:21:09.132 detox[8570] i secondary-8570 exceeded connection rety amount of  or stopRetrying flag set.
19:21:09.132 detox[8570] E tear down environment
19:21:09.132 detox[8570] E e2e/tests/authentication.test.js
19:21:09.143 detox[8570] i 
📊 Test Results (authentication.test.js):
19:21:09.143 detox[8570] i    ✅ Passed: 0/0
19:21:09.143 detox[8570] i    ⏱️  Duration: 0.27s
19:21:09.145 detox[8570] i 
=================================================
19:21:09.145 detox[8570] i 📱 CARD SHOW FINDER E2E TEST SUMMARY
19:21:09.145 detox[8570] i =================================================
19:21:09.145 detox[8570] i ✅ Passed: 0
19:21:09.145 detox[8570] i ❌ Failed: 0
19:21:09.145 detox[8570] i ⏭️  Skipped: 0
19:21:09.145 detox[8570] i 🧪 Total: 0
19:21:09.145 detox[8570] i ⏱️  Total Duration: 0.27s
19:21:09.145 detox[8570] i 
=================================================
19:21:09.145 detox[8570] i E2E Testing completed in 0.27s
19:21:09.145 detox[8570] i =================================================

19:21:09.169 detox[8570] i Starting Detox E2E test teardown
19:21:09.169 detox[8570] i Starting test database cleanup...
19:21:09.169 detox[8570] i Test data not found in global object. Skipping database cleanup.
19:21:09.176 detox[8570] i Generating test report...
19:21:09.176 detox[8570] i Test report generated: /Users/kevin/card-show-finder/e2e/artifacts/test-report.json
19:21:09.176 detox[8570] i Test summary: 0 passed, 0 failed, 0 skipped
19:21:09.176 detox[8570] i Total duration: 309ms
19:21:09.176 detox[8570] i Logging performance metrics...
19:21:09.176 detox[8570] i No performance measurements were collected.
19:21:09.176 detox[8570] i Checking artifacts cleanup configuration...
19:21:09.176 detox[8570] i Artifacts cleanup is disabled. Skipping.
19:21:09.176 detox[8570] i Detox cleanup handled automatically by the test runner
19:21:09.176 detox[8570] i Detox E2E test teardown completed
19:21:09.183 detox[8569] E Command failed with exit code = 1:
jest --config e2e/jest.config.js
19:21:09.183 detox[8569] B cleanup
  args: ()
19:21:09.184 detox[8569] E cleanup
19:21:09.184 detox[8569] i Detox server has been closed gracefully
19:21:09.185 detox[8569] E node_modules/.bin/detox test --configuration ios.sim.debug
