19:09:52.548 detox[3611] B node_modules/.bin/detox test --configuration ios.sim.debug
  data: {
    "id": "6d0fff5c-3d6b-29b1-c78a-b194077b435d",
    "detoxConfig": {
      "configurationName": "ios.sim.debug",
      "apps": {
        "default": {
          "type": "ios.app",
          "binaryPath": "ios/build/Build/Products/Debug-iphonesimulator/cardshowfinder.app",
          "build": "xcodebuild -workspace ios/cardshowfinder.xcworkspace -scheme cardshowfinder -configuration Debug -sdk iphonesimulator -derivedDataPath ios/build"
        }
      },
      "artifacts": {
        "rootDir": "e2e/artifacts/ios.sim.debug.2025-07-18 23-09-52Z",
        "plugins": {
          "log": {
            "enabled": true,
            "keepOnlyFailedTestsArtifacts": false
          },
          "screenshot": {
            "enabled": true,
            "shouldTakeAutomaticSnapshots": true,
            "keepOnlyFailedTestsArtifacts": false,
            "takeWhen": {
              "testStart": false,
              "testDone": true,
              "testFail": true
            }
          },
          "video": {
            "enabled": false,
            "keepOnlyFailedTestsArtifacts": false
          },
          "instruments": {
            "enabled": true,
            "keepOnlyFailedTestsArtifacts": false
          },
          "uiHierarchy": {
            "enabled": false,
            "keepOnlyFailedTestsArtifacts": false
          },
          "timeline": {
            "enabled": true
          }
        },
        "pathBuilder": "./e2e/artifacts/pathbuilder.js"
      },
      "behavior": {
        "init": {
          "keepLockFile": false,
          "reinstallApp": true,
          "exposeGlobals": true,
          "launchApp": true
        },
        "cleanup": {
          "shutdownDevice": false
        },
        "launchApp": "auto"
      },
      "cli": {
        "configuration": "ios.sim.debug",
        "start": true
      },
      "commands": [
        {
          "appName": "default",
          "build": "xcodebuild -workspace ios/cardshowfinder.xcworkspace -scheme cardshowfinder -configuration Debug -sdk iphonesimulator -derivedDataPath ios/build"
        }
      ],
      "device": {
        "type": "ios.simulator",
        "device": {
          "type": "iPhone 16 Plus",
          "os": "iOS 18.5"
        }
      },
      "logger": {
        "level": "info",
        "overrideConsole": true,
        "detectAnomalies": true,
        "options": {
          "showLoggerName": true,
          "showPid": true,
          "showLevel": false,
          "showMetadata": false,
          "basepath": "/Users/kevin/card-show-finder/node_modules/detox/src",
          "prefixers": {},
          "stringifiers": {},
          "inspectionDepth": 5,
          "showLoggerTimestamp": true,
          "showLoggerLevel": true
        }
      },
      "testRunner": {
        "retries": 0,
        "forwardEnv": false,
        "detached": false,
        "bail": false,
        "noRetryArgs": [
          "shard"
        ],
        "jest": {
          "setupTimeout": 120000,
          "teardownTimeout": 30000,
          "retryAfterCircusRetries": false,
          "reportSpecs": true,
          "reportWorkerAssign": true,
          "testEnvironment": "node",
          "testRunner": "jest-circus/runner"
        },
        "args": {
          "$0": "jest",
          "_": [],
          "config": "e2e/jest.config.js",
          "--": []
        }
      },
      "session": {
        "autoStart": true,
        "debugSynchronization": 10000,
        "server": "ws://localhost:8099",
        "sessionId": "test"
      }
    },
    "detoxIPCServer": "primary-3611",
    "testResults": [],
    "testSessionIndex": 0,
    "workersCount": 0
  }
19:09:52.554 detox[3611] i Server path not specified, so defaulting to ipc.config.socketRoot + ipc.config.appspace + ipc.config.id /tmp/detox.primary-3611
19:09:52.555 detox[3611] i starting server on  /tmp/detox.primary-3611 
19:09:52.556 detox[3611] i starting TLS server false
19:09:52.556 detox[3611] i starting server as Unix || Windows Socket
19:09:52.559 detox[3611] i Detox server listening on localhost:8099...
19:09:52.567 detox[3611] i Serialized the session state at: /var/folders/2v/gmmgyhbs6w30hm_0wql0670h0000gn/T/6d0fff5c-3d6b-29b1-c78a-b194077b435d.detox.json
19:09:52.569 detox[3611] B jest --config e2e/jest.config.js
19:09:52.574 detox[3611] i (node:3611) [DEP0190] DeprecationWarning: Passing args to a child process with shell option true can lead to security vulnerabilities, as the arguments are not escaped, only concatenated.
(Use `node --trace-deprecation ...` to show where the warning was created)
19:09:54.166 detox[3611] E Command failed with exit code = 1:
jest --config e2e/jest.config.js
19:09:54.168 detox[3611] i Detox server has been closed gracefully
19:09:54.169 detox[3611] E node_modules/.bin/detox test --configuration ios.sim.debug
